c:\users\intellect\documents\visual studio 2013\projects\concurrencytutorials_new\concurrencytutorials_new\debug\vc120.pdb
c:\users\intellect\documents\visual studio 2013\projects\concurrencytutorials_new\concurrencytutorials_new\debug\vc120.idb
c:\users\intellect\documents\visual studio 2013\projects\concurrencytutorials_new\concurrencytutorials_new\debug\concurrencytutorials_new.obj
c:\users\intellect\documents\visual studio 2013\projects\concurrencytutorials_new\concurrencytutorials_new\debug\join_detach_1.obj
c:\users\intellect\documents\visual studio 2013\projects\concurrencytutorials_new\debug\concurrencytutorials_new.pdb
c:\users\intellect\documents\visual studio 2013\projects\concurrencytutorials_new\concurrencytutorials_new\debug\concurre.65c6fafd.tlog\cl.command.1.tlog
c:\users\intellect\documents\visual studio 2013\projects\concurrencytutorials_new\concurrencytutorials_new\debug\concurre.65c6fafd.tlog\cl.read.1.tlog
c:\users\intellect\documents\visual studio 2013\projects\concurrencytutorials_new\concurrencytutorials_new\debug\concurre.65c6fafd.tlog\cl.write.1.tlog
c:\users\intellect\documents\visual studio 2013\projects\concurrencytutorials_new\concurrencytutorials_new\debug\concurre.65c6fafd.tlog\link-cvtres.read.1.tlog
c:\users\intellect\documents\visual studio 2013\projects\concurrencytutorials_new\concurrencytutorials_new\debug\concurre.65c6fafd.tlog\link-cvtres.write.1.tlog
c:\users\intellect\documents\visual studio 2013\projects\concurrencytutorials_new\concurrencytutorials_new\debug\concurre.65c6fafd.tlog\link-rc.read.1.tlog
c:\users\intellect\documents\visual studio 2013\projects\concurrencytutorials_new\concurrencytutorials_new\debug\concurre.65c6fafd.tlog\link-rc.write.1.tlog
c:\users\intellect\documents\visual studio 2013\projects\concurrencytutorials_new\concurrencytutorials_new\debug\concurre.65c6fafd.tlog\link.5748-cvtres.read.1.tlog
c:\users\intellect\documents\visual studio 2013\projects\concurrencytutorials_new\concurrencytutorials_new\debug\concurre.65c6fafd.tlog\link.5748-cvtres.write.1.tlog
c:\users\intellect\documents\visual studio 2013\projects\concurrencytutorials_new\concurrencytutorials_new\debug\concurre.65c6fafd.tlog\link.5748-rc.read.1.tlog
c:\users\intellect\documents\visual studio 2013\projects\concurrencytutorials_new\concurrencytutorials_new\debug\concurre.65c6fafd.tlog\link.5748-rc.write.1.tlog
c:\users\intellect\documents\visual studio 2013\projects\concurrencytutorials_new\concurrencytutorials_new\debug\concurre.65c6fafd.tlog\link.5748.read.1.tlog
c:\users\intellect\documents\visual studio 2013\projects\concurrencytutorials_new\concurrencytutorials_new\debug\concurre.65c6fafd.tlog\link.5748.write.1.tlog
c:\users\intellect\documents\visual studio 2013\projects\concurrencytutorials_new\concurrencytutorials_new\debug\concurre.65c6fafd.tlog\link.command.1.tlog
c:\users\intellect\documents\visual studio 2013\projects\concurrencytutorials_new\concurrencytutorials_new\debug\concurre.65c6fafd.tlog\link.read.1.tlog
c:\users\intellect\documents\visual studio 2013\projects\concurrencytutorials_new\concurrencytutorials_new\debug\concurre.65c6fafd.tlog\link.write.1.tlog
