f:\mytutorials\c++ concurrency\code\concurrencytutorials_new\concurrencytutorials_new\x64\debug\vc120.pdb
f:\mytutorials\c++ concurrency\code\concurrencytutorials_new\concurrencytutorials_new\x64\debug\vc120.idb
f:\mytutorials\c++ concurrency\code\concurrencytutorials_new\concurrencytutorials_new\x64\debug\problem_when_passing_reference.obj
f:\mytutorials\c++ concurrency\code\concurrencytutorials_new\concurrencytutorials_new\x64\debug\promises.obj
f:\mytutorials\c++ concurrency\code\concurrencytutorials_new\concurrencytutorials_new\x64\debug\promise_exception.obj
f:\mytutorials\c++ concurrency\code\concurrencytutorials_new\concurrencytutorials_new\x64\debug\relationships_1.obj
f:\mytutorials\c++ concurrency\code\concurrencytutorials_new\concurrencytutorials_new\x64\debug\memory_order_relaxed.obj
f:\mytutorials\c++ concurrency\code\concurrencytutorials_new\concurrencytutorials_new\x64\debug\release_sequence.obj
f:\mytutorials\c++ concurrency\code\concurrencytutorials_new\concurrencytutorials_new\x64\debug\sequential_quick_sort.obj
f:\mytutorials\c++ concurrency\code\concurrencytutorials_new\concurrencytutorials_new\x64\debug\shared_future.obj
f:\mytutorials\c++ concurrency\code\concurrencytutorials_new\concurrencytutorials_new\x64\debug\problem_with_future_multiple_threads.obj
f:\mytutorials\c++ concurrency\code\concurrencytutorials_new\concurrencytutorials_new\x64\debug\simple_stack_implementation.obj
f:\mytutorials\c++ concurrency\code\concurrencytutorials_new\concurrencytutorials_new\x64\debug\simple_stack_race_condition_inherit_from_the_interface.obj
f:\mytutorials\c++ concurrency\code\concurrencytutorials_new\concurrencytutorials_new\x64\debug\spinlock_mutex.obj
f:\mytutorials\c++ concurrency\code\concurrencytutorials_new\concurrencytutorials_new\x64\debug\thread_safe_list.obj
f:\mytutorials\c++ concurrency\code\concurrencytutorials_new\concurrencytutorials_new\x64\debug\transitive synchronization.obj
f:\mytutorials\c++ concurrency\code\concurrencytutorials_new\concurrencytutorials_new\x64\debug\tsq_with_linked_list_3.obj
f:\mytutorials\c++ concurrency\code\concurrencytutorials_new\concurrencytutorials_new\x64\debug\tsq_with_linked_list_1.obj
f:\mytutorials\c++ concurrency\code\concurrencytutorials_new\concurrencytutorials_new\x64\debug\tsq_with_linked_list_2.obj
f:\mytutorials\c++ concurrency\code\concurrencytutorials_new\concurrencytutorials_new\x64\debug\thread_safe_queue_sp.obj
f:\mytutorials\c++ concurrency\code\concurrencytutorials_new\concurrencytutorials_new\x64\debug\thread_safe_queue_with_waiting.obj
f:\mytutorials\c++ concurrency\code\concurrencytutorials_new\concurrencytutorials_new\x64\debug\unique_locks_mutex_ownership transfer.obj
f:\mytutorials\c++ concurrency\code\concurrencytutorials_new\concurrencytutorials_new\x64\debug\join_detach_2.obj
f:\mytutorials\c++ concurrency\code\concurrencytutorials_new\concurrencytutorials_new\x64\debug\join_detach_3.obj
f:\mytutorials\c++ concurrency\code\concurrencytutorials_new\concurrencytutorials_new\x64\debug\join_relaible_mechanism_1.obj
f:\mytutorials\c++ concurrency\code\concurrencytutorials_new\concurrencytutorials_new\x64\debug\join_relaible_mechanism_2.obj
f:\mytutorials\c++ concurrency\code\concurrencytutorials_new\concurrencytutorials_new\x64\debug\join_relaible_mechanism_3.obj
f:\mytutorials\c++ concurrency\code\concurrencytutorials_new\concurrencytutorials_new\x64\debug\memory_order_acquire_release_2.obj
f:\mytutorials\c++ concurrency\code\concurrencytutorials_new\concurrencytutorials_new\x64\debug\memory_order_consume.obj
f:\mytutorials\c++ concurrency\code\concurrencytutorials_new\concurrencytutorials_new\x64\debug\memory_order_seq_cst.obj
f:\mytutorials\c++ concurrency\code\concurrencytutorials_new\concurrencytutorials_new\x64\debug\move_sematics.obj
f:\mytutorials\c++ concurrency\code\concurrencytutorials_new\concurrencytutorials_new\x64\debug\mutex_lock_unlock.obj
f:\mytutorials\c++ concurrency\code\concurrencytutorials_new\concurrencytutorials_new\x64\debug\mutex_lock_unlock_lock_guards.obj
f:\mytutorials\c++ concurrency\code\concurrencytutorials_new\concurrencytutorials_new\x64\debug\mutex_what_can_go_wrong_1.obj
f:\mytutorials\c++ concurrency\code\concurrencytutorials_new\concurrencytutorials_new\x64\debug\mutex_what_can_go_wrong_2.obj
f:\mytutorials\c++ concurrency\code\concurrencytutorials_new\concurrencytutorials_new\x64\debug\overnight_bus_example.obj
f:\mytutorials\c++ concurrency\code\concurrencytutorials_new\concurrencytutorials_new\x64\debug\overnight_bus_example_with_condition_variable.obj
f:\mytutorials\c++ concurrency\code\concurrencytutorials_new\concurrencytutorials_new\x64\debug\package_task.obj
f:\mytutorials\c++ concurrency\code\concurrencytutorials_new\concurrencytutorials_new\x64\debug\parallel_accumulate_with_async.obj
f:\mytutorials\c++ concurrency\code\concurrencytutorials_new\concurrencytutorials_new\x64\debug\parallel_quick_sort.obj
f:\mytutorials\c++ concurrency\code\concurrencytutorials_new\concurrencytutorials_new\x64\debug\pass_paramenters.obj
f:\mytutorials\c++ concurrency\code\concurrencytutorials_new\concurrencytutorials_new\x64\debug\pass_reference_1.obj
f:\mytutorials\c++ concurrency\code\concurrencytutorials_new\concurrencytutorials_new\x64\debug\lock_free_stack_memory_ordering.obj
f:\mytutorials\c++ concurrency\code\concurrencytutorials_new\concurrencytutorials_new\x64\debug\lock_free_stack_thread_counting_final.obj
f:\mytutorials\c++ concurrency\code\concurrencytutorials_new\concurrencytutorials_new\x64\debug\memory_order_acquire_release_1.obj
f:\mytutorials\c++ concurrency\code\concurrencytutorials_new\concurrencytutorials_new\x64\debug\asynchronous_task.obj
f:\mytutorials\c++ concurrency\code\concurrencytutorials_new\concurrencytutorials_new\x64\debug\atomic_bool_1.obj
f:\mytutorials\c++ concurrency\code\concurrencytutorials_new\concurrencytutorials_new\x64\debug\atomic_bool_2.obj
f:\mytutorials\c++ concurrency\code\concurrencytutorials_new\concurrencytutorials_new\x64\debug\atomic_int_compare_exchange.obj
f:\mytutorials\c++ concurrency\code\concurrencytutorials_new\concurrencytutorials_new\x64\debug\atomic_pointers_1.obj
f:\mytutorials\c++ concurrency\code\concurrencytutorials_new\concurrencytutorials_new\x64\debug\atomic_pointers_2.obj
f:\mytutorials\c++ concurrency\code\concurrencytutorials_new\concurrencytutorials_new\x64\debug\call_once_and_once_flag.obj
f:\mytutorials\c++ concurrency\code\concurrencytutorials_new\concurrencytutorials_new\x64\debug\concurrencytutorials_new.obj
f:\mytutorials\c++ concurrency\code\concurrencytutorials_new\concurrencytutorials_new\x64\debug\dead_locks_bank_account.obj
f:\mytutorials\c++ concurrency\code\concurrencytutorials_new\concurrencytutorials_new\x64\debug\dead_lock_bank_account_with_solution.obj
f:\mytutorials\c++ concurrency\code\concurrencytutorials_new\concurrencytutorials_new\x64\debug\dead_lock_bank_account_with_unique_locks.obj
f:\mytutorials\c++ concurrency\code\concurrencytutorials_new\concurrencytutorials_new\x64\debug\get_thread_id.obj
f:\mytutorials\c++ concurrency\code\concurrencytutorials_new\concurrencytutorials_new\x64\debug\hardware_concurrency.obj
f:\mytutorials\c++ concurrency\code\concurrencytutorials_new\concurrencytutorials_new\x64\debug\introduction.obj
f:\mytutorials\c++ concurrency\code\concurrencytutorials_new\concurrencytutorials_new\x64\debug\introduction_memory_ordering_options.obj
f:\mytutorials\c++ concurrency\code\concurrencytutorials_new\concurrencytutorials_new\x64\debug\introduction_to_future.obj
f:\mytutorials\c++ concurrency\code\concurrencytutorials_new\concurrencytutorials_new\x64\debug\join_detach_1.obj
f:\mytutorials\c++ concurrency\code\concurrencytutorials_new\concurrencytutorials_new\x64\debug\carries_dependency_to.obj
f:\mytutorials\c++ concurrency\code\concurrencytutorials_new\concurrencytutorials_new\x64\debug\lock_free_satck_reference_counting.obj
f:\mytutorials\c++ concurrency\code\concurrencytutorials_new\concurrencytutorials_new\x64\debug\lock_free_stack_hazard_pointers.obj
f:\mytutorials\c++ concurrency\code\concurrencytutorials_new\concurrencytutorials_new\x64\debug\lock_free_stack_introduction_1.obj
f:\mytutorials\c++ concurrency\code\concurrencytutorials_new\concurrencytutorials_new\x64\debug\lock_free_stack_introduction_2.obj
f:\mytutorials\c++ concurrency\code\concurrencytutorials_new\concurrencytutorials_new\x64\debug\accumulate.obj
f:\mytutorials\c++ concurrency\code\concurrencytutorials_new\x64\debug\concurrencytutorials_new.ilk
f:\mytutorials\c++ concurrency\code\concurrencytutorials_new\x64\debug\concurrencytutorials_new.exe
f:\mytutorials\c++ concurrency\code\concurrencytutorials_new\x64\debug\concurrencytutorials_new.pdb
f:\mytutorials\c++ concurrency\code\concurrencytutorials_new\concurrencytutorials_new\x64\debug\concurre.65c6fafd.tlog\cl.command.1.tlog
f:\mytutorials\c++ concurrency\code\concurrencytutorials_new\concurrencytutorials_new\x64\debug\concurre.65c6fafd.tlog\cl.read.1.tlog
f:\mytutorials\c++ concurrency\code\concurrencytutorials_new\concurrencytutorials_new\x64\debug\concurre.65c6fafd.tlog\cl.write.1.tlog
f:\mytutorials\c++ concurrency\code\concurrencytutorials_new\concurrencytutorials_new\x64\debug\concurre.65c6fafd.tlog\link.command.1.tlog
f:\mytutorials\c++ concurrency\code\concurrencytutorials_new\concurrencytutorials_new\x64\debug\concurre.65c6fafd.tlog\link.read.1.tlog
f:\mytutorials\c++ concurrency\code\concurrencytutorials_new\concurrencytutorials_new\x64\debug\concurre.65c6fafd.tlog\link.write.1.tlog
